<?xml version="1.0" encoding="UTF-8"?>
<!-- Generated by org.testng.reporters.JUnitReportReporter -->
<testsuite skipped="0" hostname="DESKTOP-7MOHEMN" name="scripts.Login" tests="1" failures="0" timestamp="24 Jan 2018 10:09:55 GMT" time="20.208" errors="0">
  <testcase name="login" time="20.208" classname="scripts.Login"/>
</testsuite> <!-- scripts.Login -->
